[0.111s] DEBUG:colcon:Command line arguments: ['/usr/bin/colcon', 'build', '--merge-install', '--packages-select', 'omni_base_bringup']
[0.111s] DEBUG:colcon:Parsed command line arguments: Namespace(log_base=None, log_level=None, verb_name='build', build_base='build', install_base='install', merge_install=True, symlink_install=False, test_result_base=None, continue_on_error=False, executor='parallel', parallel_workers=12, event_handlers=None, ignore_user_meta=False, metas=['./colcon.meta'], base_paths=['.'], packages_ignore=None, packages_ignore_regex=None, paths=None, packages_up_to=None, packages_up_to_regex=None, packages_above=None, packages_above_and_dependencies=None, packages_above_depth=None, packages_select_by_dep=None, packages_skip_by_dep=None, packages_skip_up_to=None, packages_select_build_failed=False, packages_skip_build_finished=False, packages_select_test_failures=False, packages_skip_test_passed=False, packages_select=['omni_base_bringup'], packages_skip=None, packages_select_regex=None, packages_skip_regex=None, packages_start=None, packages_end=None, allow_overriding=[], cmake_args=None, cmake_target=None, cmake_target_skip_unavailable=False, cmake_clean_cache=False, cmake_clean_first=False, cmake_force_configure=False, ament_cmake_args=None, catkin_cmake_args=None, catkin_skip_building_tests=False, mixin_files=None, mixin=None, verb_parser=<colcon_mixin.mixin.mixin_argument.MixinArgumentDecorator object at 0x7132905ada60>, verb_extension=<colcon_core.verb.build.BuildVerb object at 0x7132905ad760>, main=<bound method BuildVerb.main of <colcon_core.verb.build.BuildVerb object at 0x7132905ad760>>, mixin_verb=('build',))
[0.155s] Level 1:colcon.colcon_core.package_discovery:discover_packages(colcon_meta) check parameters
[0.155s] Level 1:colcon.colcon_core.package_discovery:discover_packages(recursive) check parameters
[0.155s] Level 1:colcon.colcon_core.package_discovery:discover_packages(ignore) check parameters
[0.155s] Level 1:colcon.colcon_core.package_discovery:discover_packages(path) check parameters
[0.155s] Level 1:colcon.colcon_core.package_discovery:discover_packages(colcon_meta) discover
[0.155s] Level 1:colcon.colcon_core.package_discovery:discover_packages(recursive) discover
[0.155s] INFO:colcon.colcon_core.package_discovery:Crawling recursively for packages in '/home/huylake/ros2_ws/src/omni_based_robot'
[0.155s] Level 1:colcon.colcon_core.package_identification:_identify(.) by extensions ['ignore', 'ignore_ament_install']
[0.155s] Level 1:colcon.colcon_core.package_identification:_identify(.) by extension 'ignore'
[0.155s] Level 1:colcon.colcon_core.package_identification:_identify(.) by extension 'ignore_ament_install'
[0.155s] Level 1:colcon.colcon_core.package_identification:_identify(.) by extensions ['colcon_pkg']
[0.155s] Level 1:colcon.colcon_core.package_identification:_identify(.) by extension 'colcon_pkg'
[0.155s] Level 1:colcon.colcon_core.package_identification:_identify(.) by extensions ['colcon_meta']
[0.155s] Level 1:colcon.colcon_core.package_identification:_identify(.) by extension 'colcon_meta'
[0.155s] Level 1:colcon.colcon_core.package_identification:_identify(.) by extensions ['ros']
[0.155s] Level 1:colcon.colcon_core.package_identification:_identify(.) by extension 'ros'
[0.183s] Level 1:colcon.colcon_core.package_identification:_identify(.) by extensions ['cmake', 'python']
[0.184s] Level 1:colcon.colcon_core.package_identification:_identify(.) by extension 'cmake'
[0.184s] Level 1:colcon.colcon_core.package_identification:_identify(.) by extension 'python'
[0.184s] Level 1:colcon.colcon_core.package_identification:_identify(.) by extensions ['python_setup_py']
[0.184s] Level 1:colcon.colcon_core.package_identification:_identify(.) by extension 'python_setup_py'
[0.184s] Level 1:colcon.colcon_core.package_identification:_identify(build) by extensions ['ignore', 'ignore_ament_install']
[0.184s] Level 1:colcon.colcon_core.package_identification:_identify(build) by extension 'ignore'
[0.184s] Level 1:colcon.colcon_core.package_identification:_identify(build) ignored
[0.184s] Level 1:colcon.colcon_core.package_identification:_identify(install) by extensions ['ignore', 'ignore_ament_install']
[0.184s] Level 1:colcon.colcon_core.package_identification:_identify(install) by extension 'ignore'
[0.184s] Level 1:colcon.colcon_core.package_identification:_identify(install) ignored
[0.184s] Level 1:colcon.colcon_core.package_identification:_identify(launch_pal) by extensions ['ignore', 'ignore_ament_install']
[0.184s] Level 1:colcon.colcon_core.package_identification:_identify(launch_pal) by extension 'ignore'
[0.184s] Level 1:colcon.colcon_core.package_identification:_identify(launch_pal) by extension 'ignore_ament_install'
[0.184s] Level 1:colcon.colcon_core.package_identification:_identify(launch_pal) by extensions ['colcon_pkg']
[0.184s] Level 1:colcon.colcon_core.package_identification:_identify(launch_pal) by extension 'colcon_pkg'
[0.185s] Level 1:colcon.colcon_core.package_identification:_identify(launch_pal) by extensions ['colcon_meta']
[0.185s] Level 1:colcon.colcon_core.package_identification:_identify(launch_pal) by extension 'colcon_meta'
[0.185s] Level 1:colcon.colcon_core.package_identification:_identify(launch_pal) by extensions ['ros']
[0.185s] Level 1:colcon.colcon_core.package_identification:_identify(launch_pal) by extension 'ros'
[0.188s] DEBUG:colcon.colcon_core.package_identification:Package 'launch_pal' with type 'ros.ament_python' and name 'launch_pal'
[0.188s] Level 1:colcon.colcon_core.package_identification:_identify(log) by extensions ['ignore', 'ignore_ament_install']
[0.188s] Level 1:colcon.colcon_core.package_identification:_identify(log) by extension 'ignore'
[0.188s] Level 1:colcon.colcon_core.package_identification:_identify(log) ignored
[0.188s] Level 1:colcon.colcon_core.package_identification:_identify(omni_base_bringup) by extensions ['ignore', 'ignore_ament_install']
[0.188s] Level 1:colcon.colcon_core.package_identification:_identify(omni_base_bringup) by extension 'ignore'
[0.188s] Level 1:colcon.colcon_core.package_identification:_identify(omni_base_bringup) by extension 'ignore_ament_install'
[0.188s] Level 1:colcon.colcon_core.package_identification:_identify(omni_base_bringup) by extensions ['colcon_pkg']
[0.188s] Level 1:colcon.colcon_core.package_identification:_identify(omni_base_bringup) by extension 'colcon_pkg'
[0.188s] Level 1:colcon.colcon_core.package_identification:_identify(omni_base_bringup) by extensions ['colcon_meta']
[0.188s] Level 1:colcon.colcon_core.package_identification:_identify(omni_base_bringup) by extension 'colcon_meta'
[0.188s] Level 1:colcon.colcon_core.package_identification:_identify(omni_base_bringup) by extensions ['ros']
[0.188s] Level 1:colcon.colcon_core.package_identification:_identify(omni_base_bringup) by extension 'ros'
[0.191s] DEBUG:colcon.colcon_core.package_identification:Package 'omni_base_bringup' with type 'ros.ament_cmake' and name 'omni_base_bringup'
[0.192s] Level 1:colcon.colcon_core.package_identification:_identify(omni_base_controller_configuration) by extensions ['ignore', 'ignore_ament_install']
[0.192s] Level 1:colcon.colcon_core.package_identification:_identify(omni_base_controller_configuration) by extension 'ignore'
[0.192s] Level 1:colcon.colcon_core.package_identification:_identify(omni_base_controller_configuration) by extension 'ignore_ament_install'
[0.192s] Level 1:colcon.colcon_core.package_identification:_identify(omni_base_controller_configuration) by extensions ['colcon_pkg']
[0.192s] Level 1:colcon.colcon_core.package_identification:_identify(omni_base_controller_configuration) by extension 'colcon_pkg'
[0.192s] Level 1:colcon.colcon_core.package_identification:_identify(omni_base_controller_configuration) by extensions ['colcon_meta']
[0.192s] Level 1:colcon.colcon_core.package_identification:_identify(omni_base_controller_configuration) by extension 'colcon_meta'
[0.192s] Level 1:colcon.colcon_core.package_identification:_identify(omni_base_controller_configuration) by extensions ['ros']
[0.192s] Level 1:colcon.colcon_core.package_identification:_identify(omni_base_controller_configuration) by extension 'ros'
[0.194s] DEBUG:colcon.colcon_core.package_identification:Package 'omni_base_controller_configuration' with type 'ros.ament_cmake' and name 'omni_base_controller_configuration'
[0.194s] Level 1:colcon.colcon_core.package_identification:_identify(omni_base_description) by extensions ['ignore', 'ignore_ament_install']
[0.194s] Level 1:colcon.colcon_core.package_identification:_identify(omni_base_description) by extension 'ignore'
[0.194s] Level 1:colcon.colcon_core.package_identification:_identify(omni_base_description) by extension 'ignore_ament_install'
[0.194s] Level 1:colcon.colcon_core.package_identification:_identify(omni_base_description) by extensions ['colcon_pkg']
[0.194s] Level 1:colcon.colcon_core.package_identification:_identify(omni_base_description) by extension 'colcon_pkg'
[0.194s] Level 1:colcon.colcon_core.package_identification:_identify(omni_base_description) by extensions ['colcon_meta']
[0.194s] Level 1:colcon.colcon_core.package_identification:_identify(omni_base_description) by extension 'colcon_meta'
[0.194s] Level 1:colcon.colcon_core.package_identification:_identify(omni_base_description) by extensions ['ros']
[0.194s] Level 1:colcon.colcon_core.package_identification:_identify(omni_base_description) by extension 'ros'
[0.196s] DEBUG:colcon.colcon_core.package_identification:Package 'omni_base_description' with type 'ros.ament_cmake' and name 'omni_base_description'
[0.196s] Level 1:colcon.colcon_core.package_identification:_identify(pal_urdf_utils) by extensions ['ignore', 'ignore_ament_install']
[0.196s] Level 1:colcon.colcon_core.package_identification:_identify(pal_urdf_utils) by extension 'ignore'
[0.196s] Level 1:colcon.colcon_core.package_identification:_identify(pal_urdf_utils) by extension 'ignore_ament_install'
[0.196s] Level 1:colcon.colcon_core.package_identification:_identify(pal_urdf_utils) by extensions ['colcon_pkg']
[0.196s] Level 1:colcon.colcon_core.package_identification:_identify(pal_urdf_utils) by extension 'colcon_pkg'
[0.196s] Level 1:colcon.colcon_core.package_identification:_identify(pal_urdf_utils) by extensions ['colcon_meta']
[0.196s] Level 1:colcon.colcon_core.package_identification:_identify(pal_urdf_utils) by extension 'colcon_meta'
[0.196s] Level 1:colcon.colcon_core.package_identification:_identify(pal_urdf_utils) by extensions ['ros']
[0.196s] Level 1:colcon.colcon_core.package_identification:_identify(pal_urdf_utils) by extension 'ros'
[0.197s] DEBUG:colcon.colcon_core.package_identification:Package 'pal_urdf_utils' with type 'ros.ament_cmake' and name 'pal_urdf_utils'
[0.197s] Level 1:colcon.colcon_core.package_identification:_identify(part_mapping_robot) by extensions ['ignore', 'ignore_ament_install']
[0.197s] Level 1:colcon.colcon_core.package_identification:_identify(part_mapping_robot) by extension 'ignore'
[0.197s] Level 1:colcon.colcon_core.package_identification:_identify(part_mapping_robot) by extension 'ignore_ament_install'
[0.197s] Level 1:colcon.colcon_core.package_identification:_identify(part_mapping_robot) by extensions ['colcon_pkg']
[0.197s] Level 1:colcon.colcon_core.package_identification:_identify(part_mapping_robot) by extension 'colcon_pkg'
[0.197s] Level 1:colcon.colcon_core.package_identification:_identify(part_mapping_robot) by extensions ['colcon_meta']
[0.197s] Level 1:colcon.colcon_core.package_identification:_identify(part_mapping_robot) by extension 'colcon_meta'
[0.197s] Level 1:colcon.colcon_core.package_identification:_identify(part_mapping_robot) by extensions ['ros']
[0.197s] Level 1:colcon.colcon_core.package_identification:_identify(part_mapping_robot) by extension 'ros'
[0.197s] Level 1:colcon.colcon_core.package_identification:_identify(part_mapping_robot) by extensions ['cmake', 'python']
[0.197s] Level 1:colcon.colcon_core.package_identification:_identify(part_mapping_robot) by extension 'cmake'
[0.197s] Level 1:colcon.colcon_core.package_identification:_identify(part_mapping_robot) by extension 'python'
[0.197s] Level 1:colcon.colcon_core.package_identification:_identify(part_mapping_robot) by extensions ['python_setup_py']
[0.197s] Level 1:colcon.colcon_core.package_identification:_identify(part_mapping_robot) by extension 'python_setup_py'
[0.197s] Level 1:colcon.colcon_core.package_discovery:discover_packages(recursive) using defaults
[0.198s] Level 1:colcon.colcon_core.package_discovery:discover_packages(ignore) discover
[0.198s] Level 1:colcon.colcon_core.package_discovery:discover_packages(ignore) using defaults
[0.198s] Level 1:colcon.colcon_core.package_discovery:discover_packages(path) discover
[0.198s] Level 1:colcon.colcon_core.package_discovery:discover_packages(path) using defaults
[0.220s] INFO:colcon.colcon_core.package_selection:Skipping not selected package 'launch_pal' in 'launch_pal'
[0.220s] INFO:colcon.colcon_core.package_selection:Skipping not selected package 'omni_base_controller_configuration' in 'omni_base_controller_configuration'
[0.220s] INFO:colcon.colcon_core.package_selection:Skipping not selected package 'pal_urdf_utils' in 'pal_urdf_utils'
[0.220s] INFO:colcon.colcon_core.package_selection:Skipping not selected package 'omni_base_description' in 'omni_base_description'
[0.220s] Level 1:colcon.colcon_core.package_discovery:discover_packages(prefix_path) check parameters
[0.220s] Level 1:colcon.colcon_core.package_discovery:discover_packages(prefix_path) discover
[0.224s] DEBUG:colcon.colcon_installed_package_information.package_discovery:Found 505 installed packages in /opt/ros/jazzy
[0.225s] Level 1:colcon.colcon_core.package_discovery:discover_packages(prefix_path) using defaults
[0.297s] Level 5:colcon.colcon_core.verb:set package 'omni_base_bringup' build argument 'cmake_args' from command line to 'None'
[0.297s] Level 5:colcon.colcon_core.verb:set package 'omni_base_bringup' build argument 'cmake_target' from command line to 'None'
[0.297s] Level 5:colcon.colcon_core.verb:set package 'omni_base_bringup' build argument 'cmake_target_skip_unavailable' from command line to 'False'
[0.297s] Level 5:colcon.colcon_core.verb:set package 'omni_base_bringup' build argument 'cmake_clean_cache' from command line to 'False'
[0.297s] Level 5:colcon.colcon_core.verb:set package 'omni_base_bringup' build argument 'cmake_clean_first' from command line to 'False'
[0.297s] Level 5:colcon.colcon_core.verb:set package 'omni_base_bringup' build argument 'cmake_force_configure' from command line to 'False'
[0.297s] Level 5:colcon.colcon_core.verb:set package 'omni_base_bringup' build argument 'ament_cmake_args' from command line to 'None'
[0.297s] Level 5:colcon.colcon_core.verb:set package 'omni_base_bringup' build argument 'catkin_cmake_args' from command line to 'None'
[0.297s] Level 5:colcon.colcon_core.verb:set package 'omni_base_bringup' build argument 'catkin_skip_building_tests' from command line to 'False'
[0.297s] DEBUG:colcon.colcon_core.verb:Building package 'omni_base_bringup' with the following arguments: {'ament_cmake_args': None, 'build_base': '/home/huylake/ros2_ws/src/omni_based_robot/build/omni_base_bringup', 'catkin_cmake_args': None, 'catkin_skip_building_tests': False, 'cmake_args': None, 'cmake_clean_cache': False, 'cmake_clean_first': False, 'cmake_force_configure': False, 'cmake_target': None, 'cmake_target_skip_unavailable': False, 'install_base': '/home/huylake/ros2_ws/src/omni_based_robot/install', 'merge_install': True, 'path': '/home/huylake/ros2_ws/src/omni_based_robot/omni_base_bringup', 'symlink_install': False, 'test_result_base': None}
[0.298s] INFO:colcon.colcon_core.executor:Executing jobs using 'parallel' executor
[0.299s] DEBUG:colcon.colcon_parallel_executor.executor.parallel:run_until_complete
[0.299s] INFO:colcon.colcon_ros.task.ament_cmake.build:Building ROS package in '/home/huylake/ros2_ws/src/omni_based_robot/omni_base_bringup' with build type 'ament_cmake'
[0.299s] INFO:colcon.colcon_cmake.task.cmake.build:Building CMake package in '/home/huylake/ros2_ws/src/omni_based_robot/omni_base_bringup'
[0.302s] INFO:colcon.colcon_core.plugin_system:Skipping extension 'colcon_core.shell.bat': Not used on non-Windows systems
[0.302s] INFO:colcon.colcon_core.shell:Skip shell extension 'powershell' for command environment: Not usable outside of PowerShell
[0.302s] DEBUG:colcon.colcon_core.shell:Skip shell extension 'dsv' for command environment
[0.306s] ERROR:colcon.colcon_cmake.task.cmake.build:Failed to find the following files:
- /home/huylake/ros2_ws/src/omni_based_robot/install/share/launch_pal/package.sh
- /home/huylake/ros2_ws/src/omni_based_robot/install/share/omni_base_controller_configuration/package.sh
- /home/huylake/ros2_ws/src/omni_based_robot/install/share/pal_urdf_utils/package.sh
- /home/huylake/ros2_ws/src/omni_based_robot/install/share/omni_base_description/package.sh
Check that the following packages have been built:
- launch_pal
- omni_base_controller_configuration
- pal_urdf_utils
- omni_base_description
[0.307s] Level 1:colcon.colcon_core.environment:create_environment_scripts_only(omni_base_bringup)
[0.308s] Level 1:colcon.colcon_core.environment:checking '/home/huylake/ros2_ws/src/omni_based_robot/install' for CMake module files
[0.308s] Level 1:colcon.colcon_core.environment:checking '/home/huylake/ros2_ws/src/omni_based_robot/install' for CMake config files
[0.309s] Level 1:colcon.colcon_core.environment:checking '/home/huylake/ros2_ws/src/omni_based_robot/install/bin'
[0.309s] Level 1:colcon.colcon_core.environment:checking '/home/huylake/ros2_ws/src/omni_based_robot/install/lib/pkgconfig/omni_base_bringup.pc'
[0.309s] Level 1:colcon.colcon_core.environment:checking '/home/huylake/ros2_ws/src/omni_based_robot/install/lib/python3.12/site-packages'
[0.309s] Level 1:colcon.colcon_core.environment:checking '/home/huylake/ros2_ws/src/omni_based_robot/install/bin'
[0.309s] INFO:colcon.colcon_core.shell:Creating package script '/home/huylake/ros2_ws/src/omni_based_robot/install/share/omni_base_bringup/package.ps1'
[0.310s] INFO:colcon.colcon_core.shell:Creating package descriptor '/home/huylake/ros2_ws/src/omni_based_robot/install/share/omni_base_bringup/package.dsv'
[0.311s] INFO:colcon.colcon_core.shell:Creating package script '/home/huylake/ros2_ws/src/omni_based_robot/install/share/omni_base_bringup/package.sh'
[0.311s] INFO:colcon.colcon_core.shell:Creating package script '/home/huylake/ros2_ws/src/omni_based_robot/install/share/omni_base_bringup/package.bash'
[0.312s] INFO:colcon.colcon_core.shell:Creating package script '/home/huylake/ros2_ws/src/omni_based_robot/install/share/omni_base_bringup/package.zsh'
[0.312s] Level 1:colcon.colcon_core.environment:create_file_with_runtime_dependencies(/home/huylake/ros2_ws/src/omni_based_robot/install/share/colcon-core/packages/omni_base_bringup)
[0.323s] DEBUG:colcon.colcon_parallel_executor.executor.parallel:closing loop
[0.323s] DEBUG:colcon.colcon_parallel_executor.executor.parallel:loop closed
[0.323s] DEBUG:colcon.colcon_parallel_executor.executor.parallel:run_until_complete finished with '1'
[0.323s] DEBUG:colcon.colcon_core.event_reactor:joining thread
[0.331s] INFO:colcon.colcon_core.plugin_system:Skipping extension 'colcon_notification.desktop_notification.terminal_notifier': Not used on non-Darwin systems
[0.331s] INFO:colcon.colcon_core.plugin_system:Skipping extension 'colcon_notification.desktop_notification.win32': Not used on non-Windows systems
[0.331s] INFO:colcon.colcon_notification.desktop_notification:Sending desktop notification using 'notify2'
[0.348s] DEBUG:colcon.colcon_core.event_reactor:joined thread
[0.349s] INFO:colcon.colcon_core.shell:Creating prefix script '/home/huylake/ros2_ws/src/omni_based_robot/install/local_setup.ps1'
[0.350s] INFO:colcon.colcon_core.shell:Creating prefix util module '/home/huylake/ros2_ws/src/omni_based_robot/install/_local_setup_util_ps1.py'
[0.351s] INFO:colcon.colcon_core.shell:Creating prefix chain script '/home/huylake/ros2_ws/src/omni_based_robot/install/setup.ps1'
[0.353s] INFO:colcon.colcon_core.shell:Creating prefix script '/home/huylake/ros2_ws/src/omni_based_robot/install/local_setup.sh'
[0.354s] INFO:colcon.colcon_core.shell:Creating prefix util module '/home/huylake/ros2_ws/src/omni_based_robot/install/_local_setup_util_sh.py'
[0.355s] INFO:colcon.colcon_core.shell:Creating prefix chain script '/home/huylake/ros2_ws/src/omni_based_robot/install/setup.sh'
[0.356s] INFO:colcon.colcon_core.shell:Creating prefix script '/home/huylake/ros2_ws/src/omni_based_robot/install/local_setup.bash'
[0.357s] INFO:colcon.colcon_core.shell:Creating prefix chain script '/home/huylake/ros2_ws/src/omni_based_robot/install/setup.bash'
[0.358s] INFO:colcon.colcon_core.shell:Creating prefix script '/home/huylake/ros2_ws/src/omni_based_robot/install/local_setup.zsh'
[0.359s] INFO:colcon.colcon_core.shell:Creating prefix chain script '/home/huylake/ros2_ws/src/omni_based_robot/install/setup.zsh'
